{"/media/mehdi/DATA/Module_2/Projects/Javascript-Capstone/src/modules/itemCounter.js": {"path":"/media/mehdi/DATA/Module_2/Projects/Javascript-Capstone/src/modules/itemCounter.js","statementMap":{"0":{"start":{"line":1,"column":25},"end":{"line":1,"column":54}},"1":{"start":{"line":1,"column":39},"end":{"line":1,"column":54}}},"fnMap":{"0":{"name":"(anonymous_0)","decl":{"start":{"line":1,"column":25},"end":{"line":1,"column":26}},"loc":{"start":{"line":1,"column":39},"end":{"line":1,"column":54}},"line":1}},"branchMap":{},"s":{"0":1,"1":2},"f":{"0":2},"b":{},"_coverageSchema":"1a1c01bbd47fc00a2c39e90264f33305004495a9","hash":"f84d9d141d7a8e4d431817b4f171b89ebcbfe04a"}
}
